  Auto.cpp
  Kulkuvaline.cpp
  main.cpp
C:\Program Files (x86)\Microsoft Visual Studio\2019\Community\VC\Tools\MSVC\14.24.28314\include\xmemory(671,1): error C2280: 'std::unique_ptr<Kulkuvaline,std::default_delete<Kulkuvaline>>::unique_ptr(const std::unique_ptr<Kulkuvaline,std::default_delete<Kulkuvaline>> &)': attempting to reference a deleted function
C:\Program Files (x86)\Microsoft Visual Studio\2019\Community\VC\Tools\MSVC\14.24.28314\include\memory(1912): message : see declaration of 'std::unique_ptr<Kulkuvaline,std::default_delete<Kulkuvaline>>::unique_ptr'
C:\Program Files (x86)\Microsoft Visual Studio\2019\Community\VC\Tools\MSVC\14.24.28314\include\memory(1912,5): message : 'std::unique_ptr<Kulkuvaline,std::default_delete<Kulkuvaline>>::unique_ptr(const std::unique_ptr<Kulkuvaline,std::default_delete<Kulkuvaline>> &)': function was explicitly deleted
C:\Program Files (x86)\Microsoft Visual Studio\2019\Community\VC\Tools\MSVC\14.24.28314\include\vector(683): message : see reference to function template instantiation 'void std::_Default_allocator_traits<_Alloc>::construct<_Ty,const _Ty&>(_Alloc &,_Objty *const ,const _Ty &)' being compiled
          with
          [
              _Alloc=std::allocator<std::unique_ptr<Kulkuvaline,std::default_delete<Kulkuvaline>>>,
              _Ty=std::unique_ptr<Kulkuvaline,std::default_delete<Kulkuvaline>>,
              _Objty=std::unique_ptr<Kulkuvaline,std::default_delete<Kulkuvaline>>
          ]
C:\Program Files (x86)\Microsoft Visual Studio\2019\Community\VC\Tools\MSVC\14.24.28314\include\vector(688): message : see reference to function template instantiation 'void std::_Default_allocator_traits<_Alloc>::construct<_Ty,const _Ty&>(_Alloc &,_Objty *const ,const _Ty &)' being compiled
          with
          [
              _Alloc=std::allocator<std::unique_ptr<Kulkuvaline,std::default_delete<Kulkuvaline>>>,
              _Ty=std::unique_ptr<Kulkuvaline,std::default_delete<Kulkuvaline>>,
              _Objty=std::unique_ptr<Kulkuvaline,std::default_delete<Kulkuvaline>>
          ]
C:\Program Files (x86)\Microsoft Visual Studio\2019\Community\VC\Tools\MSVC\14.24.28314\include\vector(701): message : see reference to function template instantiation 'void std::vector<std::unique_ptr<Kulkuvaline,std::default_delete<Kulkuvaline>>,std::allocator<std::unique_ptr<Kulkuvaline,std::default_delete<Kulkuvaline>>>>::_Emplace_back_with_unused_capacity<const _Ty&>(const _Ty &)' being compiled
          with
          [
              _Ty=std::unique_ptr<Kulkuvaline,std::default_delete<Kulkuvaline>>
          ]
C:\Program Files (x86)\Microsoft Visual Studio\2019\Community\VC\Tools\MSVC\14.24.28314\include\vector(718): message : see reference to function template instantiation 'void std::vector<std::unique_ptr<Kulkuvaline,std::default_delete<Kulkuvaline>>,std::allocator<std::unique_ptr<Kulkuvaline,std::default_delete<Kulkuvaline>>>>::emplace_back<const _Ty&>(const _Ty &)' being compiled
          with
          [
              _Ty=std::unique_ptr<Kulkuvaline,std::default_delete<Kulkuvaline>>
          ]
C:\Program Files (x86)\Microsoft Visual Studio\2019\Community\VC\Tools\MSVC\14.24.28314\include\vector(717): message : while compiling class template member function 'void std::vector<std::unique_ptr<Kulkuvaline,std::default_delete<Kulkuvaline>>,std::allocator<std::unique_ptr<Kulkuvaline,std::default_delete<Kulkuvaline>>>>::push_back(const _Ty &)'
          with
          [
              _Ty=std::unique_ptr<Kulkuvaline,std::default_delete<Kulkuvaline>>
          ]
C:\Users\Vladislav\Documents\C++\Harjoitustyo\main.cpp(76): message : see reference to function template instantiation 'void std::vector<std::unique_ptr<Kulkuvaline,std::default_delete<Kulkuvaline>>,std::allocator<std::unique_ptr<Kulkuvaline,std::default_delete<Kulkuvaline>>>>::push_back(const _Ty &)' being compiled
          with
          [
              _Ty=std::unique_ptr<Kulkuvaline,std::default_delete<Kulkuvaline>>
          ]
C:\Users\Vladislav\Documents\C++\Harjoitustyo\main.cpp(51): message : see reference to class template instantiation 'std::vector<std::unique_ptr<Kulkuvaline,std::default_delete<Kulkuvaline>>,std::allocator<std::unique_ptr<Kulkuvaline,std::default_delete<Kulkuvaline>>>>' being compiled
  Vene.cpp
  Generating Code...
